mode: set
github.com/pspiagicw/uranus/pkg/token/token.go:22.42,23.36 1 0
github.com/pspiagicw/uranus/pkg/token/token.go:26.2,26.14 1 0
github.com/pspiagicw/uranus/pkg/token/token.go:23.36,25.3 1 0
github.com/pspiagicw/uranus/cmd/uranus/main.go:11.13,13.16 2 0
github.com/pspiagicw/uranus/cmd/uranus/main.go:16.2,19.33 3 0
github.com/pspiagicw/uranus/cmd/uranus/main.go:13.16,14.13 1 0
github.com/pspiagicw/uranus/pkg/lexer/lexer.go:12.31,16.2 3 1
github.com/pspiagicw/uranus/pkg/lexer/lexer.go:18.28,19.36 1 1
github.com/pspiagicw/uranus/pkg/lexer/lexer.go:24.2,25.21 2 1
github.com/pspiagicw/uranus/pkg/lexer/lexer.go:19.36,21.3 1 1
github.com/pspiagicw/uranus/pkg/lexer/lexer.go:21.8,23.3 1 1
github.com/pspiagicw/uranus/pkg/lexer/lexer.go:27.33,28.66 1 1
github.com/pspiagicw/uranus/pkg/lexer/lexer.go:28.66,30.3 1 1
github.com/pspiagicw/uranus/pkg/lexer/lexer.go:33.41,38.14 3 1
github.com/pspiagicw/uranus/pkg/lexer/lexer.go:97.2,98.12 2 1
github.com/pspiagicw/uranus/pkg/lexer/lexer.go:39.11,40.26 1 1
github.com/pspiagicw/uranus/pkg/lexer/lexer.go:48.11,49.40 1 1
github.com/pspiagicw/uranus/pkg/lexer/lexer.go:50.11,51.37 1 1
github.com/pspiagicw/uranus/pkg/lexer/lexer.go:52.11,53.37 1 1
github.com/pspiagicw/uranus/pkg/lexer/lexer.go:54.11,55.37 1 1
github.com/pspiagicw/uranus/pkg/lexer/lexer.go:56.11,57.37 1 1
github.com/pspiagicw/uranus/pkg/lexer/lexer.go:58.11,59.35 1 1
github.com/pspiagicw/uranus/pkg/lexer/lexer.go:60.11,61.36 1 1
github.com/pspiagicw/uranus/pkg/lexer/lexer.go:62.11,63.36 1 1
github.com/pspiagicw/uranus/pkg/lexer/lexer.go:64.11,65.26 1 1
github.com/pspiagicw/uranus/pkg/lexer/lexer.go:73.11,74.39 1 1
github.com/pspiagicw/uranus/pkg/lexer/lexer.go:75.11,76.33 1 1
github.com/pspiagicw/uranus/pkg/lexer/lexer.go:77.11,78.33 1 1
github.com/pspiagicw/uranus/pkg/lexer/lexer.go:79.11,80.37 1 1
github.com/pspiagicw/uranus/pkg/lexer/lexer.go:81.9,83.19 2 1
github.com/pspiagicw/uranus/pkg/lexer/lexer.go:84.10,85.21 1 1
github.com/pspiagicw/uranus/pkg/lexer/lexer.go:40.26,44.4 3 1
github.com/pspiagicw/uranus/pkg/lexer/lexer.go:44.9,47.4 1 1
github.com/pspiagicw/uranus/pkg/lexer/lexer.go:65.26,69.4 3 1
github.com/pspiagicw/uranus/pkg/lexer/lexer.go:69.9,72.4 1 1
github.com/pspiagicw/uranus/pkg/lexer/lexer.go:85.21,89.4 3 1
github.com/pspiagicw/uranus/pkg/lexer/lexer.go:89.9,89.27 1 1
github.com/pspiagicw/uranus/pkg/lexer/lexer.go:89.27,93.4 3 1
github.com/pspiagicw/uranus/pkg/lexer/lexer.go:93.9,95.4 1 0
github.com/pspiagicw/uranus/pkg/lexer/lexer.go:100.37,102.20 2 1
github.com/pspiagicw/uranus/pkg/lexer/lexer.go:105.2,105.37 1 1
github.com/pspiagicw/uranus/pkg/lexer/lexer.go:102.20,104.3 1 1
github.com/pspiagicw/uranus/pkg/lexer/lexer.go:108.28,110.2 1 1
github.com/pspiagicw/uranus/pkg/lexer/lexer.go:111.41,113.21 2 1
github.com/pspiagicw/uranus/pkg/lexer/lexer.go:116.2,116.37 1 1
github.com/pspiagicw/uranus/pkg/lexer/lexer.go:113.21,115.3 1 1
github.com/pspiagicw/uranus/pkg/lexer/lexer.go:118.29,120.2 1 1
github.com/pspiagicw/uranus/pkg/lexer/lexer.go:121.68,123.2 1 1
github.com/pspiagicw/uranus/pkg/lexer/lexer.go:125.33,126.36 1 1
github.com/pspiagicw/uranus/pkg/lexer/lexer.go:126.36,128.3 1 0
github.com/pspiagicw/uranus/pkg/lexer/lexer.go:128.8,130.3 1 1
github.com/pspiagicw/uranus/pkg/repl/repl.go:14.41,17.6 2 0
github.com/pspiagicw/uranus/pkg/repl/repl.go:17.6,21.15 3 0
github.com/pspiagicw/uranus/pkg/repl/repl.go:25.3,33.27 5 0
github.com/pspiagicw/uranus/pkg/repl/repl.go:38.3,39.28 2 0
github.com/pspiagicw/uranus/pkg/repl/repl.go:21.15,23.4 1 0
github.com/pspiagicw/uranus/pkg/repl/repl.go:33.27,35.12 2 0
github.com/pspiagicw/uranus/pkg/repl/repl.go:60.56,64.29 4 0
github.com/pspiagicw/uranus/pkg/repl/repl.go:64.29,66.3 1 0
github.com/pspiagicw/uranus/pkg/ast/ast.go:28.41,29.27 1 0
github.com/pspiagicw/uranus/pkg/ast/ast.go:29.27,31.3 1 0
github.com/pspiagicw/uranus/pkg/ast/ast.go:31.8,33.3 1 0
github.com/pspiagicw/uranus/pkg/ast/ast.go:35.35,38.33 2 1
github.com/pspiagicw/uranus/pkg/ast/ast.go:44.2,44.21 1 1
github.com/pspiagicw/uranus/pkg/ast/ast.go:38.33,39.15 1 1
github.com/pspiagicw/uranus/pkg/ast/ast.go:39.15,41.4 1 1
github.com/pspiagicw/uranus/pkg/ast/ast.go:53.51,53.52 0 0
github.com/pspiagicw/uranus/pkg/ast/ast.go:54.50,54.77 1 0
github.com/pspiagicw/uranus/pkg/ast/ast.go:55.44,61.21 4 0
github.com/pspiagicw/uranus/pkg/ast/ast.go:65.2,67.21 2 0
github.com/pspiagicw/uranus/pkg/ast/ast.go:61.21,63.3 1 0
github.com/pspiagicw/uranus/pkg/ast/ast.go:77.48,77.49 0 0
github.com/pspiagicw/uranus/pkg/ast/ast.go:78.47,78.74 1 1
github.com/pspiagicw/uranus/pkg/ast/ast.go:79.41,86.21 5 1
github.com/pspiagicw/uranus/pkg/ast/ast.go:90.2,92.21 2 1
github.com/pspiagicw/uranus/pkg/ast/ast.go:86.21,88.3 1 1
github.com/pspiagicw/uranus/pkg/ast/ast.go:101.40,101.41 0 0
github.com/pspiagicw/uranus/pkg/ast/ast.go:103.44,103.70 1 0
github.com/pspiagicw/uranus/pkg/ast/ast.go:105.38,105.56 1 1
github.com/pspiagicw/uranus/pkg/ast/ast.go:112.55,112.56 0 0
github.com/pspiagicw/uranus/pkg/ast/ast.go:113.54,113.81 1 0
github.com/pspiagicw/uranus/pkg/ast/ast.go:114.48,115.26 1 0
github.com/pspiagicw/uranus/pkg/ast/ast.go:118.2,118.11 1 0
github.com/pspiagicw/uranus/pkg/ast/ast.go:115.26,117.3 1 0
github.com/pspiagicw/uranus/pkg/ast/ast.go:126.50,126.51 0 0
github.com/pspiagicw/uranus/pkg/ast/ast.go:127.49,127.76 1 0
github.com/pspiagicw/uranus/pkg/ast/ast.go:128.49,128.76 1 0
github.com/pspiagicw/uranus/pkg/ast/ast.go:136.47,136.48 0 0
github.com/pspiagicw/uranus/pkg/ast/ast.go:138.51,138.78 1 0
github.com/pspiagicw/uranus/pkg/ast/ast.go:139.45,149.2 6 0
github.com/pspiagicw/uranus/pkg/ast/ast.go:158.51,158.52 0 0
github.com/pspiagicw/uranus/pkg/ast/ast.go:159.50,159.77 1 0
github.com/pspiagicw/uranus/pkg/ast/ast.go:161.44,171.2 7 0
github.com/pspiagicw/uranus/pkg/ast/ast.go:178.42,178.43 0 0
github.com/pspiagicw/uranus/pkg/ast/ast.go:179.41,179.67 1 0
github.com/pspiagicw/uranus/pkg/ast/ast.go:180.41,180.67 1 0
github.com/pspiagicw/uranus/pkg/ast/ast.go:189.48,189.49 0 0
github.com/pspiagicw/uranus/pkg/ast/ast.go:190.47,190.74 1 0
github.com/pspiagicw/uranus/pkg/ast/ast.go:191.41,199.27 6 0
github.com/pspiagicw/uranus/pkg/ast/ast.go:205.2,205.21 1 0
github.com/pspiagicw/uranus/pkg/ast/ast.go:199.27,203.3 2 0
github.com/pspiagicw/uranus/pkg/ast/ast.go:214.50,214.51 0 0
github.com/pspiagicw/uranus/pkg/ast/ast.go:215.49,215.76 1 0
github.com/pspiagicw/uranus/pkg/ast/ast.go:216.43,219.34 2 0
github.com/pspiagicw/uranus/pkg/ast/ast.go:223.2,223.21 1 0
github.com/pspiagicw/uranus/pkg/ast/ast.go:219.34,221.3 1 0
github.com/pspiagicw/uranus/pkg/ast/ast.go:232.51,232.52 0 0
github.com/pspiagicw/uranus/pkg/ast/ast.go:233.50,233.77 1 0
github.com/pspiagicw/uranus/pkg/ast/ast.go:234.44,239.34 3 0
github.com/pspiagicw/uranus/pkg/ast/ast.go:243.2,249.21 6 0
github.com/pspiagicw/uranus/pkg/ast/ast.go:239.34,241.3 1 0
github.com/pspiagicw/uranus/pkg/ast/ast.go:258.50,258.51 0 0
github.com/pspiagicw/uranus/pkg/ast/ast.go:259.49,259.76 1 0
github.com/pspiagicw/uranus/pkg/ast/ast.go:260.43,264.33 3 0
github.com/pspiagicw/uranus/pkg/ast/ast.go:268.2,273.21 5 0
github.com/pspiagicw/uranus/pkg/ast/ast.go:264.33,266.3 1 0
github.com/pspiagicw/uranus/pkg/parser/parser.go:40.39,41.48 1 1
github.com/pspiagicw/uranus/pkg/parser/parser.go:45.2,45.15 1 1
github.com/pspiagicw/uranus/pkg/parser/parser.go:41.48,43.3 1 1
github.com/pspiagicw/uranus/pkg/parser/parser.go:48.38,49.47 1 1
github.com/pspiagicw/uranus/pkg/parser/parser.go:52.2,52.15 1 0
github.com/pspiagicw/uranus/pkg/parser/parser.go:49.47,51.3 1 1
github.com/pspiagicw/uranus/pkg/parser/parser.go:66.78,68.2 1 1
github.com/pspiagicw/uranus/pkg/parser/parser.go:70.76,72.2 1 1
github.com/pspiagicw/uranus/pkg/parser/parser.go:74.34,103.2 24 1
github.com/pspiagicw/uranus/pkg/parser/parser.go:105.78,110.2 3 1
github.com/pspiagicw/uranus/pkg/parser/parser.go:112.56,115.33 2 1
github.com/pspiagicw/uranus/pkg/parser/parser.go:120.2,124.33 3 1
github.com/pspiagicw/uranus/pkg/parser/parser.go:130.2,130.33 1 1
github.com/pspiagicw/uranus/pkg/parser/parser.go:133.2,133.13 1 1
github.com/pspiagicw/uranus/pkg/parser/parser.go:115.33,118.3 2 0
github.com/pspiagicw/uranus/pkg/parser/parser.go:124.33,128.3 3 1
github.com/pspiagicw/uranus/pkg/parser/parser.go:130.33,132.3 1 0
github.com/pspiagicw/uranus/pkg/parser/parser.go:136.56,139.33 2 1
github.com/pspiagicw/uranus/pkg/parser/parser.go:143.2,145.33 2 1
github.com/pspiagicw/uranus/pkg/parser/parser.go:149.2,151.12 2 1
github.com/pspiagicw/uranus/pkg/parser/parser.go:139.33,141.3 1 0
github.com/pspiagicw/uranus/pkg/parser/parser.go:145.33,147.3 1 0
github.com/pspiagicw/uranus/pkg/parser/parser.go:154.62,157.33 2 1
github.com/pspiagicw/uranus/pkg/parser/parser.go:162.2,167.33 4 1
github.com/pspiagicw/uranus/pkg/parser/parser.go:173.2,173.33 1 1
github.com/pspiagicw/uranus/pkg/parser/parser.go:177.2,177.20 1 1
github.com/pspiagicw/uranus/pkg/parser/parser.go:157.33,160.3 2 1
github.com/pspiagicw/uranus/pkg/parser/parser.go:167.33,172.3 4 1
github.com/pspiagicw/uranus/pkg/parser/parser.go:173.33,175.3 1 0
github.com/pspiagicw/uranus/pkg/parser/parser.go:180.53,183.33 2 1
github.com/pspiagicw/uranus/pkg/parser/parser.go:187.2,190.33 3 1
github.com/pspiagicw/uranus/pkg/parser/parser.go:194.2,194.33 1 1
github.com/pspiagicw/uranus/pkg/parser/parser.go:198.2,200.31 2 1
github.com/pspiagicw/uranus/pkg/parser/parser.go:211.2,211.19 1 1
github.com/pspiagicw/uranus/pkg/parser/parser.go:183.33,185.3 1 0
github.com/pspiagicw/uranus/pkg/parser/parser.go:190.33,192.3 1 0
github.com/pspiagicw/uranus/pkg/parser/parser.go:194.33,196.3 1 0
github.com/pspiagicw/uranus/pkg/parser/parser.go:200.31,203.34 2 1
github.com/pspiagicw/uranus/pkg/parser/parser.go:207.3,207.51 1 1
github.com/pspiagicw/uranus/pkg/parser/parser.go:203.34,205.4 1 0
github.com/pspiagicw/uranus/pkg/parser/parser.go:214.60,221.62 4 1
github.com/pspiagicw/uranus/pkg/parser/parser.go:230.2,230.14 1 1
github.com/pspiagicw/uranus/pkg/parser/parser.go:221.62,224.18 2 1
github.com/pspiagicw/uranus/pkg/parser/parser.go:228.3,228.16 1 1
github.com/pspiagicw/uranus/pkg/parser/parser.go:224.18,226.4 1 1
github.com/pspiagicw/uranus/pkg/parser/parser.go:233.58,238.33 3 1
github.com/pspiagicw/uranus/pkg/parser/parser.go:242.2,242.12 1 1
github.com/pspiagicw/uranus/pkg/parser/parser.go:238.33,240.3 1 0
github.com/pspiagicw/uranus/pkg/parser/parser.go:245.57,256.2 4 1
github.com/pspiagicw/uranus/pkg/parser/parser.go:258.55,262.16 3 1
github.com/pspiagicw/uranus/pkg/parser/parser.go:268.2,270.12 2 1
github.com/pspiagicw/uranus/pkg/parser/parser.go:262.16,266.3 3 0
github.com/pspiagicw/uranus/pkg/parser/parser.go:273.51,275.2 1 1
github.com/pspiagicw/uranus/pkg/parser/parser.go:277.36,279.2 1 1
github.com/pspiagicw/uranus/pkg/parser/parser.go:281.47,284.2 2 1
github.com/pspiagicw/uranus/pkg/parser/parser.go:286.30,289.2 2 1
github.com/pspiagicw/uranus/pkg/parser/parser.go:291.46,297.35 3 1
github.com/pspiagicw/uranus/pkg/parser/parser.go:305.2,305.16 1 1
github.com/pspiagicw/uranus/pkg/parser/parser.go:297.35,299.18 2 1
github.com/pspiagicw/uranus/pkg/parser/parser.go:302.3,302.16 1 1
github.com/pspiagicw/uranus/pkg/parser/parser.go:299.18,301.4 1 1
github.com/pspiagicw/uranus/pkg/parser/parser.go:308.49,309.25 1 1
github.com/pspiagicw/uranus/pkg/parser/parser.go:310.17,311.31 1 1
github.com/pspiagicw/uranus/pkg/parser/parser.go:312.20,313.34 1 1
github.com/pspiagicw/uranus/pkg/parser/parser.go:314.10,315.38 1 1
github.com/pspiagicw/uranus/pkg/parser/parser.go:319.59,324.36 3 1
github.com/pspiagicw/uranus/pkg/parser/parser.go:328.2,328.13 1 1
github.com/pspiagicw/uranus/pkg/parser/parser.go:324.36,326.3 1 1
github.com/pspiagicw/uranus/pkg/parser/parser.go:331.58,334.2 2 1
github.com/pspiagicw/uranus/pkg/parser/parser.go:336.75,348.2 5 1
github.com/pspiagicw/uranus/pkg/parser/parser.go:350.65,353.19 2 1
github.com/pspiagicw/uranus/pkg/parser/parser.go:358.2,360.73 2 1
github.com/pspiagicw/uranus/pkg/parser/parser.go:371.2,371.16 1 1
github.com/pspiagicw/uranus/pkg/parser/parser.go:353.19,356.3 2 1
github.com/pspiagicw/uranus/pkg/parser/parser.go:360.73,362.19 2 1
github.com/pspiagicw/uranus/pkg/parser/parser.go:366.3,368.27 2 1
github.com/pspiagicw/uranus/pkg/parser/parser.go:362.19,364.4 1 0
github.com/pspiagicw/uranus/pkg/parser/parser.go:374.48,381.2 2 1
github.com/pspiagicw/uranus/pkg/parser/parser.go:383.62,390.36 4 1
github.com/pspiagicw/uranus/pkg/parser/parser.go:394.2,394.13 1 1
github.com/pspiagicw/uranus/pkg/parser/parser.go:390.36,392.3 1 1
github.com/pspiagicw/uranus/pkg/parser/parser.go:397.56,400.32 2 1
github.com/pspiagicw/uranus/pkg/parser/parser.go:404.2,406.33 2 1
github.com/pspiagicw/uranus/pkg/parser/parser.go:410.2,414.36 3 1
github.com/pspiagicw/uranus/pkg/parser/parser.go:418.2,418.13 1 1
github.com/pspiagicw/uranus/pkg/parser/parser.go:400.32,402.3 1 1
github.com/pspiagicw/uranus/pkg/parser/parser.go:406.33,408.3 1 1
github.com/pspiagicw/uranus/pkg/parser/parser.go:414.36,416.3 1 1
github.com/pspiagicw/uranus/pkg/parser/parser.go:421.62,423.2 1 1
github.com/pspiagicw/uranus/pkg/parser/parser.go:425.61,427.2 1 1
github.com/pspiagicw/uranus/pkg/parser/parser.go:429.61,430.30 1 1
github.com/pspiagicw/uranus/pkg/parser/parser.go:434.2,435.14 2 1
github.com/pspiagicw/uranus/pkg/parser/parser.go:430.30,433.3 2 1
