mode: set
github.com/pspiagicw/uranus/pkg/lexer/lexer.go:12.31,16.2 3 1
github.com/pspiagicw/uranus/pkg/lexer/lexer.go:18.28,19.36 1 1
github.com/pspiagicw/uranus/pkg/lexer/lexer.go:24.2,25.21 2 1
github.com/pspiagicw/uranus/pkg/lexer/lexer.go:19.36,21.3 1 1
github.com/pspiagicw/uranus/pkg/lexer/lexer.go:21.8,23.3 1 1
github.com/pspiagicw/uranus/pkg/lexer/lexer.go:27.33,28.66 1 1
github.com/pspiagicw/uranus/pkg/lexer/lexer.go:28.66,30.3 1 1
github.com/pspiagicw/uranus/pkg/lexer/lexer.go:33.41,38.14 3 1
github.com/pspiagicw/uranus/pkg/lexer/lexer.go:97.2,98.12 2 1
github.com/pspiagicw/uranus/pkg/lexer/lexer.go:39.11,40.26 1 1
github.com/pspiagicw/uranus/pkg/lexer/lexer.go:48.11,49.40 1 1
github.com/pspiagicw/uranus/pkg/lexer/lexer.go:50.11,51.37 1 1
github.com/pspiagicw/uranus/pkg/lexer/lexer.go:52.11,53.37 1 1
github.com/pspiagicw/uranus/pkg/lexer/lexer.go:54.11,55.37 1 1
github.com/pspiagicw/uranus/pkg/lexer/lexer.go:56.11,57.37 1 1
github.com/pspiagicw/uranus/pkg/lexer/lexer.go:58.11,59.35 1 1
github.com/pspiagicw/uranus/pkg/lexer/lexer.go:60.11,61.36 1 1
github.com/pspiagicw/uranus/pkg/lexer/lexer.go:62.11,63.36 1 1
github.com/pspiagicw/uranus/pkg/lexer/lexer.go:64.11,65.26 1 1
github.com/pspiagicw/uranus/pkg/lexer/lexer.go:73.11,74.39 1 1
github.com/pspiagicw/uranus/pkg/lexer/lexer.go:75.11,76.33 1 1
github.com/pspiagicw/uranus/pkg/lexer/lexer.go:77.11,78.33 1 1
github.com/pspiagicw/uranus/pkg/lexer/lexer.go:79.11,80.37 1 1
github.com/pspiagicw/uranus/pkg/lexer/lexer.go:81.9,83.19 2 1
github.com/pspiagicw/uranus/pkg/lexer/lexer.go:84.10,85.21 1 1
github.com/pspiagicw/uranus/pkg/lexer/lexer.go:40.26,44.4 3 1
github.com/pspiagicw/uranus/pkg/lexer/lexer.go:44.9,47.4 1 1
github.com/pspiagicw/uranus/pkg/lexer/lexer.go:65.26,69.4 3 1
github.com/pspiagicw/uranus/pkg/lexer/lexer.go:69.9,72.4 1 1
github.com/pspiagicw/uranus/pkg/lexer/lexer.go:85.21,89.4 3 1
github.com/pspiagicw/uranus/pkg/lexer/lexer.go:89.9,89.27 1 1
github.com/pspiagicw/uranus/pkg/lexer/lexer.go:89.27,93.4 3 1
github.com/pspiagicw/uranus/pkg/lexer/lexer.go:93.9,95.4 1 0
github.com/pspiagicw/uranus/pkg/lexer/lexer.go:100.37,102.20 2 1
github.com/pspiagicw/uranus/pkg/lexer/lexer.go:105.2,105.37 1 1
github.com/pspiagicw/uranus/pkg/lexer/lexer.go:102.20,104.3 1 1
github.com/pspiagicw/uranus/pkg/lexer/lexer.go:108.28,110.2 1 1
github.com/pspiagicw/uranus/pkg/lexer/lexer.go:111.41,113.21 2 1
github.com/pspiagicw/uranus/pkg/lexer/lexer.go:116.2,116.37 1 1
github.com/pspiagicw/uranus/pkg/lexer/lexer.go:113.21,115.3 1 1
github.com/pspiagicw/uranus/pkg/lexer/lexer.go:118.29,120.2 1 1
github.com/pspiagicw/uranus/pkg/lexer/lexer.go:121.68,123.2 1 1
github.com/pspiagicw/uranus/pkg/lexer/lexer.go:125.33,126.36 1 1
github.com/pspiagicw/uranus/pkg/lexer/lexer.go:126.36,128.3 1 0
github.com/pspiagicw/uranus/pkg/lexer/lexer.go:128.8,130.3 1 1
github.com/pspiagicw/uranus/pkg/parser/parser.go:40.39,41.48 1 1
github.com/pspiagicw/uranus/pkg/parser/parser.go:45.2,45.15 1 1
github.com/pspiagicw/uranus/pkg/parser/parser.go:41.48,43.3 1 1
github.com/pspiagicw/uranus/pkg/parser/parser.go:48.38,49.47 1 1
github.com/pspiagicw/uranus/pkg/parser/parser.go:52.2,52.15 1 0
github.com/pspiagicw/uranus/pkg/parser/parser.go:49.47,51.3 1 1
github.com/pspiagicw/uranus/pkg/parser/parser.go:66.78,68.2 1 1
github.com/pspiagicw/uranus/pkg/parser/parser.go:70.76,72.2 1 1
github.com/pspiagicw/uranus/pkg/parser/parser.go:74.34,103.2 24 1
github.com/pspiagicw/uranus/pkg/parser/parser.go:105.78,110.2 3 1
github.com/pspiagicw/uranus/pkg/parser/parser.go:111.56,114.33 2 1
github.com/pspiagicw/uranus/pkg/parser/parser.go:119.2,123.33 3 1
github.com/pspiagicw/uranus/pkg/parser/parser.go:129.2,129.33 1 1
github.com/pspiagicw/uranus/pkg/parser/parser.go:132.2,132.13 1 1
github.com/pspiagicw/uranus/pkg/parser/parser.go:114.33,117.3 2 0
github.com/pspiagicw/uranus/pkg/parser/parser.go:123.33,127.3 3 1
github.com/pspiagicw/uranus/pkg/parser/parser.go:129.33,131.3 1 0
github.com/pspiagicw/uranus/pkg/parser/parser.go:135.56,138.33 2 1
github.com/pspiagicw/uranus/pkg/parser/parser.go:142.2,144.33 2 1
github.com/pspiagicw/uranus/pkg/parser/parser.go:148.2,150.12 2 1
github.com/pspiagicw/uranus/pkg/parser/parser.go:138.33,140.3 1 0
github.com/pspiagicw/uranus/pkg/parser/parser.go:144.33,146.3 1 0
github.com/pspiagicw/uranus/pkg/parser/parser.go:152.62,155.33 2 1
github.com/pspiagicw/uranus/pkg/parser/parser.go:160.2,165.33 4 1
github.com/pspiagicw/uranus/pkg/parser/parser.go:171.2,171.33 1 1
github.com/pspiagicw/uranus/pkg/parser/parser.go:175.2,175.20 1 1
github.com/pspiagicw/uranus/pkg/parser/parser.go:155.33,158.3 2 1
github.com/pspiagicw/uranus/pkg/parser/parser.go:165.33,170.3 4 1
github.com/pspiagicw/uranus/pkg/parser/parser.go:171.33,173.3 1 0
github.com/pspiagicw/uranus/pkg/parser/parser.go:177.53,180.33 2 1
github.com/pspiagicw/uranus/pkg/parser/parser.go:184.2,187.33 3 1
github.com/pspiagicw/uranus/pkg/parser/parser.go:191.2,191.33 1 1
github.com/pspiagicw/uranus/pkg/parser/parser.go:195.2,197.31 2 1
github.com/pspiagicw/uranus/pkg/parser/parser.go:208.2,208.19 1 1
github.com/pspiagicw/uranus/pkg/parser/parser.go:180.33,182.3 1 0
github.com/pspiagicw/uranus/pkg/parser/parser.go:187.33,189.3 1 0
github.com/pspiagicw/uranus/pkg/parser/parser.go:191.33,193.3 1 0
github.com/pspiagicw/uranus/pkg/parser/parser.go:197.31,200.34 2 1
github.com/pspiagicw/uranus/pkg/parser/parser.go:204.3,204.51 1 1
github.com/pspiagicw/uranus/pkg/parser/parser.go:200.34,202.4 1 0
github.com/pspiagicw/uranus/pkg/parser/parser.go:211.60,218.62 4 1
github.com/pspiagicw/uranus/pkg/parser/parser.go:227.2,227.14 1 1
github.com/pspiagicw/uranus/pkg/parser/parser.go:218.62,221.18 2 1
github.com/pspiagicw/uranus/pkg/parser/parser.go:225.3,225.16 1 1
github.com/pspiagicw/uranus/pkg/parser/parser.go:221.18,223.4 1 1
github.com/pspiagicw/uranus/pkg/parser/parser.go:230.58,235.33 3 1
github.com/pspiagicw/uranus/pkg/parser/parser.go:239.2,239.12 1 1
github.com/pspiagicw/uranus/pkg/parser/parser.go:235.33,237.3 1 0
github.com/pspiagicw/uranus/pkg/parser/parser.go:242.57,253.2 4 1
github.com/pspiagicw/uranus/pkg/parser/parser.go:255.55,259.16 3 1
github.com/pspiagicw/uranus/pkg/parser/parser.go:265.2,267.12 2 1
github.com/pspiagicw/uranus/pkg/parser/parser.go:259.16,263.3 3 0
github.com/pspiagicw/uranus/pkg/parser/parser.go:270.51,272.2 1 1
github.com/pspiagicw/uranus/pkg/parser/parser.go:274.36,276.2 1 1
github.com/pspiagicw/uranus/pkg/parser/parser.go:278.47,281.2 2 1
github.com/pspiagicw/uranus/pkg/parser/parser.go:283.30,286.2 2 1
github.com/pspiagicw/uranus/pkg/parser/parser.go:288.46,294.35 3 1
github.com/pspiagicw/uranus/pkg/parser/parser.go:302.2,302.16 1 1
github.com/pspiagicw/uranus/pkg/parser/parser.go:294.35,296.18 2 1
github.com/pspiagicw/uranus/pkg/parser/parser.go:299.3,299.16 1 1
github.com/pspiagicw/uranus/pkg/parser/parser.go:296.18,298.4 1 1
github.com/pspiagicw/uranus/pkg/parser/parser.go:305.49,306.25 1 1
github.com/pspiagicw/uranus/pkg/parser/parser.go:307.17,308.31 1 1
github.com/pspiagicw/uranus/pkg/parser/parser.go:309.20,310.34 1 1
github.com/pspiagicw/uranus/pkg/parser/parser.go:311.10,312.38 1 1
github.com/pspiagicw/uranus/pkg/parser/parser.go:316.59,321.36 3 1
github.com/pspiagicw/uranus/pkg/parser/parser.go:325.2,325.13 1 1
github.com/pspiagicw/uranus/pkg/parser/parser.go:321.36,323.3 1 1
github.com/pspiagicw/uranus/pkg/parser/parser.go:328.58,331.2 2 1
github.com/pspiagicw/uranus/pkg/parser/parser.go:333.75,345.2 5 1
github.com/pspiagicw/uranus/pkg/parser/parser.go:347.65,350.19 2 1
github.com/pspiagicw/uranus/pkg/parser/parser.go:355.2,357.73 2 1
github.com/pspiagicw/uranus/pkg/parser/parser.go:368.2,368.16 1 1
github.com/pspiagicw/uranus/pkg/parser/parser.go:350.19,353.3 2 1
github.com/pspiagicw/uranus/pkg/parser/parser.go:357.73,359.19 2 1
github.com/pspiagicw/uranus/pkg/parser/parser.go:363.3,365.27 2 1
github.com/pspiagicw/uranus/pkg/parser/parser.go:359.19,361.4 1 0
github.com/pspiagicw/uranus/pkg/parser/parser.go:371.48,378.2 2 1
github.com/pspiagicw/uranus/pkg/parser/parser.go:380.62,387.36 4 1
github.com/pspiagicw/uranus/pkg/parser/parser.go:391.2,391.13 1 1
github.com/pspiagicw/uranus/pkg/parser/parser.go:387.36,389.3 1 1
github.com/pspiagicw/uranus/pkg/parser/parser.go:394.56,397.32 2 1
github.com/pspiagicw/uranus/pkg/parser/parser.go:401.2,403.33 2 1
github.com/pspiagicw/uranus/pkg/parser/parser.go:407.2,411.36 3 1
github.com/pspiagicw/uranus/pkg/parser/parser.go:415.2,415.13 1 1
github.com/pspiagicw/uranus/pkg/parser/parser.go:397.32,399.3 1 1
github.com/pspiagicw/uranus/pkg/parser/parser.go:403.33,405.3 1 1
github.com/pspiagicw/uranus/pkg/parser/parser.go:411.36,413.3 1 1
github.com/pspiagicw/uranus/pkg/parser/parser.go:418.62,420.2 1 1
github.com/pspiagicw/uranus/pkg/parser/parser.go:422.61,424.2 1 1
github.com/pspiagicw/uranus/pkg/parser/parser.go:426.61,427.30 1 1
github.com/pspiagicw/uranus/pkg/parser/parser.go:431.2,432.14 2 1
github.com/pspiagicw/uranus/pkg/parser/parser.go:427.30,430.3 2 1
github.com/pspiagicw/uranus/pkg/ast/ast.go:28.41,29.27 1 0
github.com/pspiagicw/uranus/pkg/ast/ast.go:29.27,31.3 1 0
github.com/pspiagicw/uranus/pkg/ast/ast.go:31.8,33.3 1 0
github.com/pspiagicw/uranus/pkg/ast/ast.go:35.35,38.33 2 1
github.com/pspiagicw/uranus/pkg/ast/ast.go:44.2,44.21 1 1
github.com/pspiagicw/uranus/pkg/ast/ast.go:38.33,39.15 1 1
github.com/pspiagicw/uranus/pkg/ast/ast.go:39.15,41.4 1 1
github.com/pspiagicw/uranus/pkg/ast/ast.go:53.51,53.52 0 0
github.com/pspiagicw/uranus/pkg/ast/ast.go:54.50,54.77 1 0
github.com/pspiagicw/uranus/pkg/ast/ast.go:55.44,61.21 4 0
github.com/pspiagicw/uranus/pkg/ast/ast.go:65.2,67.21 2 0
github.com/pspiagicw/uranus/pkg/ast/ast.go:61.21,63.3 1 0
github.com/pspiagicw/uranus/pkg/ast/ast.go:77.48,77.49 0 0
github.com/pspiagicw/uranus/pkg/ast/ast.go:78.47,78.74 1 1
github.com/pspiagicw/uranus/pkg/ast/ast.go:79.41,86.21 5 1
github.com/pspiagicw/uranus/pkg/ast/ast.go:90.2,92.21 2 1
github.com/pspiagicw/uranus/pkg/ast/ast.go:86.21,88.3 1 1
github.com/pspiagicw/uranus/pkg/ast/ast.go:101.40,101.41 0 0
github.com/pspiagicw/uranus/pkg/ast/ast.go:103.44,103.70 1 0
github.com/pspiagicw/uranus/pkg/ast/ast.go:105.38,105.56 1 1
github.com/pspiagicw/uranus/pkg/ast/ast.go:112.55,112.56 0 0
github.com/pspiagicw/uranus/pkg/ast/ast.go:113.54,113.81 1 0
github.com/pspiagicw/uranus/pkg/ast/ast.go:114.48,115.26 1 0
github.com/pspiagicw/uranus/pkg/ast/ast.go:118.2,118.11 1 0
github.com/pspiagicw/uranus/pkg/ast/ast.go:115.26,117.3 1 0
github.com/pspiagicw/uranus/pkg/ast/ast.go:126.50,126.51 0 0
github.com/pspiagicw/uranus/pkg/ast/ast.go:127.49,127.76 1 0
github.com/pspiagicw/uranus/pkg/ast/ast.go:128.49,128.76 1 0
github.com/pspiagicw/uranus/pkg/ast/ast.go:136.47,136.48 0 0
github.com/pspiagicw/uranus/pkg/ast/ast.go:138.51,138.78 1 0
github.com/pspiagicw/uranus/pkg/ast/ast.go:139.45,149.2 6 0
github.com/pspiagicw/uranus/pkg/ast/ast.go:158.51,158.52 0 0
github.com/pspiagicw/uranus/pkg/ast/ast.go:159.50,159.77 1 0
github.com/pspiagicw/uranus/pkg/ast/ast.go:161.44,171.2 7 0
github.com/pspiagicw/uranus/pkg/ast/ast.go:178.42,178.43 0 0
github.com/pspiagicw/uranus/pkg/ast/ast.go:179.41,179.67 1 0
github.com/pspiagicw/uranus/pkg/ast/ast.go:180.41,180.67 1 0
github.com/pspiagicw/uranus/pkg/ast/ast.go:189.48,189.49 0 0
github.com/pspiagicw/uranus/pkg/ast/ast.go:190.47,190.74 1 0
github.com/pspiagicw/uranus/pkg/ast/ast.go:191.41,199.27 6 0
github.com/pspiagicw/uranus/pkg/ast/ast.go:205.2,205.21 1 0
github.com/pspiagicw/uranus/pkg/ast/ast.go:199.27,203.3 2 0
github.com/pspiagicw/uranus/pkg/ast/ast.go:214.50,214.51 0 0
github.com/pspiagicw/uranus/pkg/ast/ast.go:215.49,215.76 1 0
github.com/pspiagicw/uranus/pkg/ast/ast.go:216.43,219.34 2 0
github.com/pspiagicw/uranus/pkg/ast/ast.go:223.2,223.21 1 0
github.com/pspiagicw/uranus/pkg/ast/ast.go:219.34,221.3 1 0
github.com/pspiagicw/uranus/pkg/ast/ast.go:232.51,232.52 0 0
github.com/pspiagicw/uranus/pkg/ast/ast.go:233.50,233.77 1 0
github.com/pspiagicw/uranus/pkg/ast/ast.go:234.44,239.34 3 0
github.com/pspiagicw/uranus/pkg/ast/ast.go:243.2,249.21 6 0
github.com/pspiagicw/uranus/pkg/ast/ast.go:239.34,241.3 1 0
github.com/pspiagicw/uranus/pkg/ast/ast.go:258.50,258.51 0 0
github.com/pspiagicw/uranus/pkg/ast/ast.go:259.49,259.76 1 0
github.com/pspiagicw/uranus/pkg/ast/ast.go:260.43,264.33 3 0
github.com/pspiagicw/uranus/pkg/ast/ast.go:268.2,273.21 5 0
github.com/pspiagicw/uranus/pkg/ast/ast.go:264.33,266.3 1 0
github.com/pspiagicw/uranus/pkg/repl/repl.go:14.41,17.6 2 0
github.com/pspiagicw/uranus/pkg/repl/repl.go:17.6,21.15 3 0
github.com/pspiagicw/uranus/pkg/repl/repl.go:25.3,33.27 5 0
github.com/pspiagicw/uranus/pkg/repl/repl.go:41.3,42.28 2 0
github.com/pspiagicw/uranus/pkg/repl/repl.go:21.15,23.4 1 0
github.com/pspiagicw/uranus/pkg/repl/repl.go:33.27,35.4 1 0
github.com/pspiagicw/uranus/pkg/repl/repl.go:45.56,46.29 1 0
github.com/pspiagicw/uranus/pkg/repl/repl.go:46.29,48.3 1 0
github.com/pspiagicw/uranus/pkg/token/token.go:22.42,23.36 1 0
github.com/pspiagicw/uranus/pkg/token/token.go:26.2,26.14 1 0
github.com/pspiagicw/uranus/pkg/token/token.go:23.36,25.3 1 0
github.com/pspiagicw/uranus/cmd/uranus/main.go:11.13,13.16 2 0
github.com/pspiagicw/uranus/cmd/uranus/main.go:16.2,19.33 3 0
github.com/pspiagicw/uranus/cmd/uranus/main.go:13.16,14.13 1 0
